<?xml version="1.0" encoding="UTF-8"?>
<testsuite xmlns:xsi="http://www.w3.org/2001/XMLSchema-instance" xsi:noNamespaceSchemaLocation="https://maven.apache.org/surefire/maven-surefire-plugin/xsd/surefire-test-report-3.0.xsd" version="3.0" name="net.democritus.wfe.WorkflowTimeTest" time="0.148" tests="4" errors="0" skipped="0" failures="0">
  <properties>
[...]
</properties>
  <testcase name="minuteBeforeIsNotInTimeWindow" classname="net.democritus.wfe.WorkflowTimeTest" time="0.061"/>
  <testcase name="firstMinuteIsInTimeWindow" classname="net.democritus.wfe.WorkflowTimeTest" time="0.002"/>
  <testcase name="lastMinuteIsInTimeWindow" classname="net.democritus.wfe.WorkflowTimeTest" time="0.002"/>
  <testcase name="minuteAfterIsNotInTimeWindow" classname="net.democritus.wfe.WorkflowTimeTest" time="0.002"/>
</testsuite>