<?xml version="1.0" encoding="UTF-8"?>
<testsuite xmlns:xsi="http://www.w3.org/2001/XMLSchema-instance" xsi:noNamespaceSchemaLocation="https://maven.apache.org/surefire/maven-surefire-plugin/xsd/surefire-test-report-3.0.xsd" version="3.0" name="net.democritus.basic.IbanFieldValidatorTest" time="0.125" tests="4" errors="0" skipped="0" failures="0">
  <properties>
[...]
</properties>
  <testcase name="validate" classname="net.democritus.basic.IbanFieldValidatorTest" time="0">
    <system-out><![CDATA[validating IBAN NL44RABO0383580816
IBAN validation OK
]]></system-out>
  </testcase>
  <testcase name="validate_invalid" classname="net.democritus.basic.IbanFieldValidatorTest" time="0.001">
    <system-out><![CDATA[validating IBAN NL44RABO0383580817
problem with IBAN: Checksum is not correct
]]></system-out>
  </testcase>
  <testcase name="validate_null" classname="net.democritus.basic.IbanFieldValidatorTest" time="0.015"/>
  <testcase name="validate_empty" classname="net.democritus.basic.IbanFieldValidatorTest" time="0.107"/>
</testsuite>